2025-03-16 11:37:59,237 - INFO - Time for text normalization: 0.0000 seconds
2025-03-16 11:37:59,238 - INFO - Time for word similarities calculation: 0.0001 seconds
2025-03-16 11:37:59,238 - INFO - Number of Levenshtein calculations: 16
2025-03-16 11:37:59,238 - INFO - Time for matrix operations: 0.0000 seconds
2025-03-16 11:37:59,238 - INFO - Time for alignment: 0.0000 seconds
2025-03-16 11:37:59,238 - INFO - Time for HTML generation: 0.0000 seconds
2025-03-16 11:37:59,238 - INFO - Total processing time: 0.0007 seconds
2025-03-16 11:37:59,252 - INFO - server listening on 127.0.0.1:8765
2025-03-16 11:37:59,252 - INFO - server listening on [::1]:8765
2025-03-16 11:39:51,426 - INFO - server closing
2025-03-16 11:39:51,429 - INFO - server closed
2025-03-16 11:42:20,469 - INFO - Time for text normalization: 0.0000 seconds
2025-03-16 11:42:20,470 - INFO - Time for word similarities calculation: 0.0005 seconds
2025-03-16 11:42:20,470 - INFO - Number of Levenshtein calculations: 16
2025-03-16 11:42:20,470 - INFO - Time for matrix operations: 0.0000 seconds
2025-03-16 11:42:20,470 - INFO - Time for alignment: 0.0000 seconds
2025-03-16 11:42:20,470 - INFO - Time for HTML generation: 0.0001 seconds
2025-03-16 11:42:20,470 - INFO - Total processing time: 0.0016 seconds
2025-03-16 11:42:20,487 - INFO - server listening on [::1]:8765
2025-03-16 11:42:20,487 - INFO - server listening on 127.0.0.1:8765
2025-03-16 11:42:24,518 - INFO - connection open
2025-03-16 11:42:26,698 - ERROR - connection handler failed
Traceback (most recent call last):
  File "/Users/jasoncarrier/Library/Python/3.9/lib/python/site-packages/websockets/legacy/server.py", line 245, in handler
    await self.ws_handler(self)
  File "/Users/jasoncarrier/Desktop/hablasfrontend/local_test_server.py", line 716, in handle_connection
    await websocket.send(json.dumps({"error": str(e)}))
  File "/Users/jasoncarrier/Library/Python/3.9/lib/python/site-packages/websockets/legacy/protocol.py", line 630, in send
    await self.ensure_open()
  File "/Users/jasoncarrier/Library/Python/3.9/lib/python/site-packages/websockets/legacy/protocol.py", line 931, in ensure_open
    raise self.connection_closed_exc()
websockets.exceptions.ConnectionClosedOK: received 1001 (going away); then sent 1001 (going away)
2025-03-16 11:42:26,701 - INFO - connection closed
2025-03-16 11:42:26,724 - INFO - connection open
2025-03-16 11:42:28,816 - INFO - connection open
2025-03-16 11:42:28,869 - INFO - connection closed
2025-03-16 11:42:30,272 - INFO - connection open
2025-03-16 11:42:30,331 - INFO - connection closed
2025-03-16 11:42:33,449 - INFO - connection open
2025-03-16 11:42:33,864 - INFO - connection closed
2025-03-16 11:43:59,578 - INFO - connection closed
2025-03-16 11:43:59,579 - INFO - server closing
2025-03-16 11:43:59,580 - INFO - server closed
2025-03-16 11:44:07,657 - INFO - Time for text normalization: 0.0000 seconds
2025-03-16 11:44:07,661 - INFO - Time for word similarities calculation: 0.0042 seconds
2025-03-16 11:44:07,661 - INFO - Number of Levenshtein calculations: 16
2025-03-16 11:44:07,661 - INFO - Time for matrix operations: 0.0000 seconds
2025-03-16 11:44:07,661 - INFO - Time for alignment: 0.0000 seconds
2025-03-16 11:44:07,661 - INFO - Time for HTML generation: 0.0000 seconds
2025-03-16 11:44:07,661 - INFO - Total processing time: 0.0049 seconds
2025-03-16 11:44:07,676 - INFO - server listening on 127.0.0.1:8765
2025-03-16 11:44:07,676 - INFO - server listening on [::1]:8765
2025-03-16 11:44:15,127 - INFO - connection open
2025-03-16 11:44:16,319 - INFO - connection open
2025-03-16 11:44:16,366 - INFO - connection closed
2025-03-16 11:44:17,638 - INFO - connection open
2025-03-16 11:44:17,682 - INFO - connection closed
2025-03-16 11:44:20,305 - INFO - connection open
2025-03-16 11:44:20,402 - INFO - connection closed
2025-03-16 11:44:30,297 - INFO - connection open
2025-03-16 11:44:30,389 - INFO - === Starting STT Task ===
2025-03-16 11:44:30,389 - INFO - Language: fr
2025-03-16 11:44:30,389 - INFO - Creating audio file...
2025-03-16 11:44:30,390 - INFO - Running STT...
2025-03-16 11:44:41,802 - INFO - STT Result: lorsque jai de saisan je veux une fois u bégnéfique dimagle un livre dunr la cart de berge i s'apppelaice orie
2025-03-16 11:44:41,802 - INFO - === Starting Text Comparison Analysis ===
2025-03-16 11:44:41,802 - INFO - Original text: Lorsque j’avais six ans j’ai vu, une fois, une magnifique image, dans un livre sur la Forêt Vierge qui s’appelait « Histoires Vécues ». Ça représentait un serpent boa qui avalait un fauve. Voilà la copie du dessin.
2025-03-16 11:44:41,802 - INFO - Spoken text: lorsque jai de saisan je veux une fois u bégnéfique dimagle un livre dunr la cart de berge i s'apppelaice orie
2025-03-16 11:44:41,803 - INFO - Time for text normalization: 0.0001 seconds
2025-03-16 11:44:41,805 - INFO - Time for word similarities calculation: 0.0019 seconds
2025-03-16 11:44:41,805 - INFO - Number of Levenshtein calculations: 136
2025-03-16 11:44:41,806 - INFO - Time for matrix operations: 0.0006 seconds
2025-03-16 11:44:41,806 - INFO - Time for alignment: 0.0000 seconds
2025-03-16 11:44:41,806 - INFO - Time for HTML generation: 0.0002 seconds
2025-03-16 11:44:41,806 - INFO - Total processing time: 0.0033 seconds
2025-03-16 11:44:41,806 - INFO - Similarity ratio: 0.21052631578947367
2025-03-16 11:44:41,806 - INFO - Detailed word comparison:
2025-03-16 11:44:41,806 - INFO - Word 1: Original 'lorsque' vs Spoken 'lorsque'
2025-03-16 11:44:41,806 - INFO -   - Levenshtein distance: 0
2025-03-16 11:44:41,806 - INFO -   - Distance ratio: 0.00
2025-03-16 11:44:41,806 - INFO -   - Marked as wrong: False
2025-03-16 11:44:41,806 - INFO - Word 2: Original 'j’avais' vs Spoken 'jai'
2025-03-16 11:44:41,806 - INFO -   - Levenshtein distance: 4
2025-03-16 11:44:41,806 - INFO -   - Distance ratio: 0.57
2025-03-16 11:44:41,806 - INFO -   - Marked as wrong: True
2025-03-16 11:44:41,806 - INFO - Word 3: Original 'six' vs Spoken 'de'
2025-03-16 11:44:41,806 - INFO -   - Levenshtein distance: 3
2025-03-16 11:44:41,806 - INFO -   - Distance ratio: 1.00
2025-03-16 11:44:41,806 - INFO -   - Marked as wrong: True
2025-03-16 11:44:41,806 - INFO - Word 4: Original 'ans' vs Spoken 'saisan'
2025-03-16 11:44:41,806 - INFO -   - Levenshtein distance: 4
2025-03-16 11:44:41,807 - INFO -   - Distance ratio: 0.67
2025-03-16 11:44:41,807 - INFO -   - Marked as wrong: True
2025-03-16 11:44:41,807 - INFO - Word 5: Original 'j’ai' vs Spoken 'je'
2025-03-16 11:44:41,807 - INFO -   - Levenshtein distance: 3
2025-03-16 11:44:41,807 - INFO -   - Distance ratio: 0.75
2025-03-16 11:44:41,807 - INFO -   - Marked as wrong: True
2025-03-16 11:44:41,807 - INFO - Word 6: Original 'vu' vs Spoken 'veux'
2025-03-16 11:44:41,807 - INFO -   - Levenshtein distance: 2
2025-03-16 11:44:41,807 - INFO -   - Distance ratio: 0.50
2025-03-16 11:44:41,807 - INFO -   - Marked as wrong: False
2025-03-16 11:44:41,807 - INFO - Word 7: Original 'une' vs Spoken 'une'
2025-03-16 11:44:41,807 - INFO -   - Levenshtein distance: 0
2025-03-16 11:44:41,807 - INFO -   - Distance ratio: 0.00
2025-03-16 11:44:41,807 - INFO -   - Marked as wrong: False
2025-03-16 11:44:41,807 - INFO - Word 8: Original 'fois' vs Spoken 'fois'
2025-03-16 11:44:41,807 - INFO -   - Levenshtein distance: 0
2025-03-16 11:44:41,807 - INFO -   - Distance ratio: 0.00
2025-03-16 11:44:41,807 - INFO -   - Marked as wrong: False
2025-03-16 11:44:41,807 - INFO - Word 9: Original 'une' vs Spoken 'u'
2025-03-16 11:44:41,807 - INFO -   - Levenshtein distance: 2
2025-03-16 11:44:41,807 - INFO -   - Distance ratio: 0.67
2025-03-16 11:44:41,807 - INFO -   - Marked as wrong: False
2025-03-16 11:44:41,807 - INFO - Word 10: Original 'magnifique' vs Spoken 'bégnéfique'
2025-03-16 11:44:41,807 - INFO -   - Levenshtein distance: 3
2025-03-16 11:44:41,807 - INFO -   - Distance ratio: 0.30
2025-03-16 11:44:41,807 - INFO -   - Marked as wrong: False
2025-03-16 11:44:41,807 - INFO - Word 11: Original 'image' vs Spoken 'dimagle'
2025-03-16 11:44:41,807 - INFO -   - Levenshtein distance: 2
2025-03-16 11:44:41,807 - INFO -   - Distance ratio: 0.29
2025-03-16 11:44:41,807 - INFO -   - Marked as wrong: False
2025-03-16 11:44:41,807 - INFO - Word 12: Original 'dans' vs Spoken 'un'
2025-03-16 11:44:41,807 - INFO -   - Levenshtein distance: 3
2025-03-16 11:44:41,808 - INFO -   - Distance ratio: 0.75
2025-03-16 11:44:41,808 - INFO -   - Marked as wrong: True
2025-03-16 11:44:41,808 - INFO - Word 13: Original 'un' vs Spoken 'livre'
2025-03-16 11:44:41,808 - INFO -   - Levenshtein distance: 5
2025-03-16 11:44:41,808 - INFO -   - Distance ratio: 1.00
2025-03-16 11:44:41,808 - INFO -   - Marked as wrong: True
2025-03-16 11:44:41,808 - INFO - Word 14: Original 'livre' vs Spoken 'dunr'
2025-03-16 11:44:41,808 - INFO -   - Levenshtein distance: 4
2025-03-16 11:44:41,808 - INFO -   - Distance ratio: 0.80
2025-03-16 11:44:41,808 - INFO -   - Marked as wrong: True
2025-03-16 11:44:41,808 - INFO - Word 15: Original 'sur' vs Spoken 'la'
2025-03-16 11:44:41,808 - INFO -   - Levenshtein distance: 3
2025-03-16 11:44:41,808 - INFO -   - Distance ratio: 1.00
2025-03-16 11:44:41,808 - INFO -   - Marked as wrong: True
2025-03-16 11:44:41,808 - INFO - Word 16: Original 'la' vs Spoken 'cart'
2025-03-16 11:44:41,808 - INFO -   - Levenshtein distance: 3
2025-03-16 11:44:41,808 - INFO -   - Distance ratio: 0.75
2025-03-16 11:44:41,808 - INFO -   - Marked as wrong: True
2025-03-16 11:44:41,808 - INFO - Word 17: Original 'forêt' vs Spoken 'de'
2025-03-16 11:44:41,808 - INFO -   - Levenshtein distance: 5
2025-03-16 11:44:41,808 - INFO -   - Distance ratio: 1.00
2025-03-16 11:44:41,808 - INFO -   - Marked as wrong: True
2025-03-16 11:44:41,808 - INFO - Word 18: Original 'vierge' vs Spoken 'berge'
2025-03-16 11:44:41,808 - INFO -   - Levenshtein distance: 2
2025-03-16 11:44:41,808 - INFO -   - Distance ratio: 0.33
2025-03-16 11:44:41,808 - INFO -   - Marked as wrong: False
2025-03-16 11:44:41,808 - INFO - Word 19: Original 'qui' vs Spoken 'i'
2025-03-16 11:44:41,808 - INFO -   - Levenshtein distance: 2
2025-03-16 11:44:41,808 - INFO -   - Distance ratio: 0.67
2025-03-16 11:44:41,808 - INFO -   - Marked as wrong: False
2025-03-16 11:44:41,808 - INFO - Word 20: Original 's’appelait' vs Spoken 's'apppelaice'
2025-03-16 11:44:41,808 - INFO -   - Levenshtein distance: 4
2025-03-16 11:44:41,808 - INFO -   - Distance ratio: 0.33
2025-03-16 11:44:41,808 - INFO -   - Marked as wrong: True
2025-03-16 11:44:41,809 - INFO - Word 21: Original 'histoires' vs Spoken 'orie'
2025-03-16 11:44:41,809 - INFO -   - Levenshtein distance: 7
2025-03-16 11:44:41,809 - INFO -   - Distance ratio: 0.78
2025-03-16 11:44:41,809 - INFO -   - Marked as wrong: True
2025-03-16 11:44:41,824 - INFO - === Completed Text Comparison Analysis ===
2025-03-16 11:44:41,843 - INFO - connection closed
2025-03-16 11:45:45,173 - INFO - connection closed
2025-03-16 11:45:45,177 - INFO - server closing
2025-03-16 11:45:45,178 - INFO - server closed
2025-03-16 11:45:52,771 - INFO - Time for text normalization: 0.0000 seconds
2025-03-16 11:45:52,772 - INFO - Time for word similarities calculation: 0.0001 seconds
2025-03-16 11:45:52,772 - INFO - Number of Levenshtein calculations: 16
2025-03-16 11:45:52,772 - INFO - Time for matrix operations: 0.0000 seconds
2025-03-16 11:45:52,772 - INFO - Time for alignment: 0.0000 seconds
2025-03-16 11:45:52,772 - INFO - Time for HTML generation: 0.0000 seconds
2025-03-16 11:45:52,772 - INFO - Total processing time: 0.0009 seconds
2025-03-16 11:45:52,786 - INFO - server listening on 127.0.0.1:8765
2025-03-16 11:45:52,786 - INFO - server listening on [::1]:8765
2025-03-16 11:46:17,404 - INFO - connection open
2025-03-16 11:46:22,743 - INFO - connection open
2025-03-16 11:46:22,800 - INFO - connection closed
2025-03-16 11:46:24,031 - INFO - connection open
2025-03-16 11:46:24,070 - INFO - connection closed
2025-03-16 11:46:28,211 - INFO - connection open
2025-03-16 11:46:28,334 - INFO - connection closed
2025-03-16 11:46:36,498 - INFO - connection open
2025-03-16 11:46:36,506 - INFO - === Starting STT Task ===
2025-03-16 11:46:36,506 - INFO - Language: fr
2025-03-16 11:46:36,506 - INFO - Creating audio file...
2025-03-16 11:46:36,508 - INFO - Running STT...
2025-03-16 11:46:42,465 - INFO - STT Result: on dixsaite dans le livre et sacanbois vale la poîte en tierre sans lamarcher
2025-03-16 11:46:42,466 - INFO - === Starting Text Comparison Analysis ===
2025-03-16 11:46:42,466 - INFO - Original text: On disait dans le livre : « Les serpents boas avalent leur proie tout entière, sans la mâcher. Ensuite ils ne peuvent plus bouger et ils dorment pendant les six mois de leur digestion. »
2025-03-16 11:46:42,466 - INFO - Spoken text: on dixsaite dans le livre et sacanbois vale la poîte en tierre sans lamarcher
2025-03-16 11:46:42,466 - INFO - Time for text normalization: 0.0001 seconds
2025-03-16 11:46:42,468 - INFO - Time for word similarities calculation: 0.0013 seconds
2025-03-16 11:46:42,468 - INFO - Number of Levenshtein calculations: 92
2025-03-16 11:46:42,468 - INFO - Time for matrix operations: 0.0004 seconds
2025-03-16 11:46:42,468 - INFO - Time for alignment: 0.0000 seconds
2025-03-16 11:46:42,468 - INFO - Time for HTML generation: 0.0002 seconds
2025-03-16 11:46:42,468 - INFO - Total processing time: 0.0024 seconds
2025-03-16 11:46:42,468 - INFO - Similarity ratio: 0.21739130434782608
2025-03-16 11:46:42,468 - INFO - Detailed word comparison:
2025-03-16 11:46:42,468 - INFO - Word 1: Original 'on' vs Spoken 'on'
2025-03-16 11:46:42,468 - INFO -   - Levenshtein distance: 0
2025-03-16 11:46:42,469 - INFO -   - Distance ratio: 0.00
2025-03-16 11:46:42,469 - INFO -   - Marked as wrong: False
2025-03-16 11:46:42,469 - INFO - Word 2: Original 'disait' vs Spoken 'dixsaite'
2025-03-16 11:46:42,469 - INFO -   - Levenshtein distance: 2
2025-03-16 11:46:42,469 - INFO -   - Distance ratio: 0.25
2025-03-16 11:46:42,469 - INFO -   - Marked as wrong: False
2025-03-16 11:46:42,469 - INFO - Word 3: Original 'dans' vs Spoken 'dans'
2025-03-16 11:46:42,469 - INFO -   - Levenshtein distance: 0
2025-03-16 11:46:42,469 - INFO -   - Distance ratio: 0.00
2025-03-16 11:46:42,469 - INFO -   - Marked as wrong: False
2025-03-16 11:46:42,469 - INFO - Word 4: Original 'le' vs Spoken 'le'
2025-03-16 11:46:42,469 - INFO -   - Levenshtein distance: 0
2025-03-16 11:46:42,469 - INFO -   - Distance ratio: 0.00
2025-03-16 11:46:42,469 - INFO -   - Marked as wrong: False
2025-03-16 11:46:42,469 - INFO - Word 5: Original 'livre' vs Spoken 'livre'
2025-03-16 11:46:42,469 - INFO -   - Levenshtein distance: 0
2025-03-16 11:46:42,469 - INFO -   - Distance ratio: 0.00
2025-03-16 11:46:42,469 - INFO -   - Marked as wrong: False
2025-03-16 11:46:42,469 - INFO - Word 6: Original 'les' vs Spoken 'et'
2025-03-16 11:46:42,469 - INFO -   - Levenshtein distance: 2
2025-03-16 11:46:42,469 - INFO -   - Distance ratio: 0.67
2025-03-16 11:46:42,469 - INFO -   - Marked as wrong: False
2025-03-16 11:46:42,469 - INFO - Word 7: Original 'serpents' vs Spoken 'sacanbois'
2025-03-16 11:46:42,469 - INFO -   - Levenshtein distance: 7
2025-03-16 11:46:42,469 - INFO -   - Distance ratio: 0.78
2025-03-16 11:46:42,469 - INFO -   - Marked as wrong: True
2025-03-16 11:46:42,469 - INFO - Word 8: Original 'boas' vs Spoken 'vale'
2025-03-16 11:46:42,469 - INFO -   - Levenshtein distance: 4
2025-03-16 11:46:42,469 - INFO -   - Distance ratio: 1.00
2025-03-16 11:46:42,469 - INFO -   - Marked as wrong: True
2025-03-16 11:46:42,469 - INFO - Word 9: Original 'avalent' vs Spoken 'la'
2025-03-16 11:46:42,469 - INFO -   - Levenshtein distance: 6
2025-03-16 11:46:42,469 - INFO -   - Distance ratio: 0.86
2025-03-16 11:46:42,469 - INFO -   - Marked as wrong: True
2025-03-16 11:46:42,470 - INFO - Word 10: Original 'leur' vs Spoken 'poîte'
2025-03-16 11:46:42,470 - INFO -   - Levenshtein distance: 5
2025-03-16 11:46:42,470 - INFO -   - Distance ratio: 1.00
2025-03-16 11:46:42,470 - INFO -   - Marked as wrong: True
2025-03-16 11:46:42,470 - INFO - Word 11: Original 'proie' vs Spoken 'en'
2025-03-16 11:46:42,470 - INFO -   - Levenshtein distance: 5
2025-03-16 11:46:42,470 - INFO -   - Distance ratio: 1.00
2025-03-16 11:46:42,470 - INFO -   - Marked as wrong: True
2025-03-16 11:46:42,470 - INFO - Word 12: Original 'tout' vs Spoken 'tierre'
2025-03-16 11:46:42,470 - INFO -   - Levenshtein distance: 5
2025-03-16 11:46:42,470 - INFO -   - Distance ratio: 0.83
2025-03-16 11:46:42,470 - INFO -   - Marked as wrong: True
2025-03-16 11:46:42,470 - INFO - Word 13: Original 'entière' vs Spoken 'sans'
2025-03-16 11:46:42,470 - INFO -   - Levenshtein distance: 7
2025-03-16 11:46:42,470 - INFO -   - Distance ratio: 1.00
2025-03-16 11:46:42,470 - INFO -   - Marked as wrong: True
2025-03-16 11:46:42,470 - INFO - Word 14: Original 'sans' vs Spoken 'lamarcher'
2025-03-16 11:46:42,470 - INFO -   - Levenshtein distance: 8
2025-03-16 11:46:42,470 - INFO -   - Distance ratio: 0.89
2025-03-16 11:46:42,470 - INFO -   - Marked as wrong: True
2025-03-16 11:46:42,480 - INFO - === Completed Text Comparison Analysis ===
2025-03-16 11:46:42,490 - INFO - connection closed
2025-03-16 11:49:34,998 - INFO - connection closed
2025-03-16 11:49:34,999 - INFO - server closing
2025-03-16 11:49:34,999 - INFO - server closed
2025-03-16 11:49:42,269 - INFO - Time for text normalization: 0.0000 seconds
2025-03-16 11:49:42,270 - INFO - Time for word similarities calculation: 0.0001 seconds
2025-03-16 11:49:42,270 - INFO - Number of Levenshtein calculations: 16
2025-03-16 11:49:42,270 - INFO - Time for matrix operations: 0.0000 seconds
2025-03-16 11:49:42,270 - INFO - Time for alignment: 0.0000 seconds
2025-03-16 11:49:42,270 - INFO - Time for HTML generation: 0.0000 seconds
2025-03-16 11:49:42,270 - INFO - Total processing time: 0.0007 seconds
2025-03-16 11:49:42,283 - INFO - server listening on [::1]:8765
2025-03-16 11:49:42,284 - INFO - server listening on 127.0.0.1:8765
2025-03-16 11:49:54,940 - INFO - connection open
2025-03-16 11:49:57,609 - INFO - connection open
2025-03-16 11:49:57,654 - INFO - connection closed
2025-03-16 11:49:58,657 - INFO - connection open
2025-03-16 11:49:58,690 - INFO - connection closed
2025-03-16 11:50:01,567 - INFO - connection open
2025-03-16 11:50:01,734 - INFO - connection closed
2025-03-16 11:50:12,139 - INFO - connection open
2025-03-16 11:50:12,148 - INFO - === Starting STT Task ===
2025-03-16 11:50:12,149 - INFO - Language: fr
2025-03-16 11:50:12,149 - INFO - Creating audio file...
2025-03-16 11:50:12,151 - INFO - Running STT...
2025-03-16 11:50:20,121 - INFO - STT Result: en glivre le cerpains drois àva leur pointe entière sans le marcher en selitil ne peut plus bouger il donne pendant les six mois de leurs digestion
2025-03-16 11:50:20,122 - INFO - === Starting Text Comparison Analysis ===
2025-03-16 11:50:20,122 - INFO - Original text: On disait dans le livre : « Les serpents boas avalent leur proie tout entière, sans la mâcher. Ensuite ils ne peuvent plus bouger et ils dorment pendant les six mois de leur digestion. »
2025-03-16 11:50:20,122 - INFO - Spoken text: en glivre le cerpains drois àva leur pointe entière sans le marcher en selitil ne peut plus bouger il donne pendant les six mois de leurs digestion
2025-03-16 11:50:20,122 - INFO - Time for text normalization: 0.0001 seconds
2025-03-16 11:50:20,123 - INFO - Time for word similarities calculation: 0.0006 seconds
2025-03-16 11:50:20,123 - INFO - Number of Levenshtein calculations: 182
2025-03-16 11:50:20,124 - INFO - Time for matrix operations: 0.0006 seconds
2025-03-16 11:50:20,124 - INFO - Time for alignment: 0.0000 seconds
2025-03-16 11:50:20,124 - INFO - Time for HTML generation: 0.0007 seconds
2025-03-16 11:50:20,124 - INFO - Total processing time: 0.0022 seconds
2025-03-16 11:50:20,124 - INFO - Similarity ratio: 0.4406779661016949
2025-03-16 11:50:20,124 - INFO - Detailed word comparison:
2025-03-16 11:50:20,124 - INFO - Word 1: Original 'on' vs Spoken 'en'
2025-03-16 11:50:20,124 - INFO -   - Levenshtein distance: 1
2025-03-16 11:50:20,125 - INFO -   - Distance ratio: 0.50
2025-03-16 11:50:20,125 - INFO -   - Marked as wrong: False
2025-03-16 11:50:20,125 - INFO - Word 2: Original 'disait' vs Spoken 'glivre'
2025-03-16 11:50:20,125 - INFO -   - Levenshtein distance: 6
2025-03-16 11:50:20,125 - INFO -   - Distance ratio: 1.00
2025-03-16 11:50:20,125 - INFO -   - Marked as wrong: True
2025-03-16 11:50:20,125 - INFO - Word 3: Original 'dans' vs Spoken 'le'
2025-03-16 11:50:20,125 - INFO -   - Levenshtein distance: 4
2025-03-16 11:50:20,125 - INFO -   - Distance ratio: 1.00
2025-03-16 11:50:20,125 - INFO -   - Marked as wrong: True
2025-03-16 11:50:20,125 - INFO - Word 4: Original 'le' vs Spoken 'cerpains'
2025-03-16 11:50:20,125 - INFO -   - Levenshtein distance: 7
2025-03-16 11:50:20,125 - INFO -   - Distance ratio: 0.88
2025-03-16 11:50:20,125 - INFO -   - Marked as wrong: True
2025-03-16 11:50:20,125 - INFO - Word 5: Original 'livre' vs Spoken 'drois'
2025-03-16 11:50:20,125 - INFO -   - Levenshtein distance: 5
2025-03-16 11:50:20,125 - INFO -   - Distance ratio: 1.00
2025-03-16 11:50:20,125 - INFO -   - Marked as wrong: True
2025-03-16 11:50:20,125 - INFO - Word 6: Original 'les' vs Spoken 'àva'
2025-03-16 11:50:20,125 - INFO -   - Levenshtein distance: 3
2025-03-16 11:50:20,125 - INFO -   - Distance ratio: 1.00
2025-03-16 11:50:20,125 - INFO -   - Marked as wrong: True
2025-03-16 11:50:20,125 - INFO - Word 7: Original 'serpents' vs Spoken 'leur'
2025-03-16 11:50:20,125 - INFO -   - Levenshtein distance: 7
2025-03-16 11:50:20,125 - INFO -   - Distance ratio: 0.88
2025-03-16 11:50:20,125 - INFO -   - Marked as wrong: True
2025-03-16 11:50:20,125 - INFO - Word 8: Original 'boas' vs Spoken 'pointe'
2025-03-16 11:50:20,125 - INFO -   - Levenshtein distance: 5
2025-03-16 11:50:20,125 - INFO -   - Distance ratio: 0.83
2025-03-16 11:50:20,125 - INFO -   - Marked as wrong: True
2025-03-16 11:50:20,125 - INFO - Word 9: Original 'avalent' vs Spoken 'entière'
2025-03-16 11:50:20,125 - INFO -   - Levenshtein distance: 7
2025-03-16 11:50:20,125 - INFO -   - Distance ratio: 1.00
2025-03-16 11:50:20,125 - INFO -   - Marked as wrong: True
2025-03-16 11:50:20,125 - INFO - Word 10: Original 'leur' vs Spoken 'sans'
2025-03-16 11:50:20,125 - INFO -   - Levenshtein distance: 4
2025-03-16 11:50:20,125 - INFO -   - Distance ratio: 1.00
2025-03-16 11:50:20,125 - INFO -   - Marked as wrong: True
2025-03-16 11:50:20,126 - INFO - Word 11: Original 'proie' vs Spoken 'le'
2025-03-16 11:50:20,126 - INFO -   - Levenshtein distance: 4
2025-03-16 11:50:20,126 - INFO -   - Distance ratio: 0.80
2025-03-16 11:50:20,126 - INFO -   - Marked as wrong: True
2025-03-16 11:50:20,126 - INFO - Word 12: Original 'tout' vs Spoken 'marcher'
2025-03-16 11:50:20,126 - INFO -   - Levenshtein distance: 7
2025-03-16 11:50:20,126 - INFO -   - Distance ratio: 1.00
2025-03-16 11:50:20,126 - INFO -   - Marked as wrong: True
2025-03-16 11:50:20,126 - INFO - Word 13: Original 'entière' vs Spoken 'en'
2025-03-16 11:50:20,126 - INFO -   - Levenshtein distance: 5
2025-03-16 11:50:20,126 - INFO -   - Distance ratio: 0.71
2025-03-16 11:50:20,126 - INFO -   - Marked as wrong: True
2025-03-16 11:50:20,126 - INFO - Word 14: Original 'sans' vs Spoken 'selitil'
2025-03-16 11:50:20,126 - INFO -   - Levenshtein distance: 6
2025-03-16 11:50:20,126 - INFO -   - Distance ratio: 0.86
2025-03-16 11:50:20,126 - INFO -   - Marked as wrong: True
2025-03-16 11:50:20,126 - INFO - Word 15: Original 'la' vs Spoken 'ne'
2025-03-16 11:50:20,126 - INFO -   - Levenshtein distance: 2
2025-03-16 11:50:20,126 - INFO -   - Distance ratio: 1.00
2025-03-16 11:50:20,126 - INFO -   - Marked as wrong: False
2025-03-16 11:50:20,126 - INFO - Word 16: Original 'mâcher' vs Spoken 'peut'
2025-03-16 11:50:20,126 - INFO -   - Levenshtein distance: 6
2025-03-16 11:50:20,126 - INFO -   - Distance ratio: 1.00
2025-03-16 11:50:20,126 - INFO -   - Marked as wrong: True
2025-03-16 11:50:20,126 - INFO - Word 17: Original 'ensuite' vs Spoken 'plus'
2025-03-16 11:50:20,126 - INFO -   - Levenshtein distance: 6
2025-03-16 11:50:20,126 - INFO -   - Distance ratio: 0.86
2025-03-16 11:50:20,126 - INFO -   - Marked as wrong: True
2025-03-16 11:50:20,126 - INFO - Word 18: Original 'ils' vs Spoken 'bouger'
2025-03-16 11:50:20,126 - INFO -   - Levenshtein distance: 6
2025-03-16 11:50:20,126 - INFO -   - Distance ratio: 1.00
2025-03-16 11:50:20,126 - INFO -   - Marked as wrong: True
2025-03-16 11:50:20,126 - INFO - Word 19: Original 'ne' vs Spoken 'il'
2025-03-16 11:50:20,126 - INFO -   - Levenshtein distance: 2
2025-03-16 11:50:20,126 - INFO -   - Distance ratio: 1.00
2025-03-16 11:50:20,126 - INFO -   - Marked as wrong: False
2025-03-16 11:50:20,126 - INFO - Word 20: Original 'peuvent' vs Spoken 'donne'
2025-03-16 11:50:20,126 - INFO -   - Levenshtein distance: 6
2025-03-16 11:50:20,127 - INFO -   - Distance ratio: 0.86
2025-03-16 11:50:20,127 - INFO -   - Marked as wrong: True
2025-03-16 11:50:20,127 - INFO - Word 21: Original 'plus' vs Spoken 'pendant'
2025-03-16 11:50:20,127 - INFO -   - Levenshtein distance: 6
2025-03-16 11:50:20,127 - INFO -   - Distance ratio: 0.86
2025-03-16 11:50:20,127 - INFO -   - Marked as wrong: True
2025-03-16 11:50:20,127 - INFO - Word 22: Original 'bouger' vs Spoken 'les'
2025-03-16 11:50:20,127 - INFO -   - Levenshtein distance: 5
2025-03-16 11:50:20,127 - INFO -   - Distance ratio: 0.83
2025-03-16 11:50:20,127 - INFO -   - Marked as wrong: True
2025-03-16 11:50:20,127 - INFO - Word 23: Original 'et' vs Spoken 'six'
2025-03-16 11:50:20,127 - INFO -   - Levenshtein distance: 3
2025-03-16 11:50:20,127 - INFO -   - Distance ratio: 1.00
2025-03-16 11:50:20,127 - INFO -   - Marked as wrong: True
2025-03-16 11:50:20,127 - INFO - Word 24: Original 'ils' vs Spoken 'mois'
2025-03-16 11:50:20,127 - INFO -   - Levenshtein distance: 3
2025-03-16 11:50:20,128 - INFO -   - Distance ratio: 0.75
2025-03-16 11:50:20,128 - INFO -   - Marked as wrong: True
2025-03-16 11:50:20,128 - INFO - Word 25: Original 'dorment' vs Spoken 'de'
2025-03-16 11:50:20,128 - INFO -   - Levenshtein distance: 5
2025-03-16 11:50:20,128 - INFO -   - Distance ratio: 0.71
2025-03-16 11:50:20,128 - INFO -   - Marked as wrong: True
2025-03-16 11:50:20,128 - INFO - Word 26: Original 'pendant' vs Spoken 'leurs'
2025-03-16 11:50:20,128 - INFO -   - Levenshtein distance: 6
2025-03-16 11:50:20,128 - INFO -   - Distance ratio: 0.86
2025-03-16 11:50:20,128 - INFO -   - Marked as wrong: True
2025-03-16 11:50:20,128 - INFO - Word 27: Original 'les' vs Spoken 'digestion'
2025-03-16 11:50:20,128 - INFO -   - Levenshtein distance: 7
2025-03-16 11:50:20,129 - INFO -   - Distance ratio: 0.78
2025-03-16 11:50:20,129 - INFO -   - Marked as wrong: True
2025-03-16 11:50:20,133 - INFO - === Completed Text Comparison Analysis ===
2025-03-16 11:50:20,141 - INFO - connection closed
2025-03-16 11:52:14,373 - INFO - connection closed
2025-03-16 11:52:14,376 - INFO - server closing
2025-03-16 11:52:14,377 - INFO - server closed
2025-03-16 11:52:25,116 - INFO - Time for text normalization: 0.0000 seconds
2025-03-16 11:52:25,118 - INFO - Time for word similarities calculation: 0.0011 seconds
2025-03-16 11:52:25,118 - INFO - Number of Levenshtein calculations: 16
2025-03-16 11:52:25,118 - INFO - Time for matrix operations: 0.0001 seconds
2025-03-16 11:52:25,118 - INFO - Time for alignment: 0.0000 seconds
2025-03-16 11:52:25,119 - INFO - Time for HTML generation: 0.0000 seconds
2025-03-16 11:52:25,119 - INFO - Total processing time: 0.0024 seconds
2025-03-16 11:52:25,133 - INFO - server listening on 127.0.0.1:8765
2025-03-16 11:52:25,133 - INFO - server listening on [::1]:8765
2025-03-16 11:52:43,501 - INFO - connection open
2025-03-16 11:52:43,514 - INFO - === Starting STT Task ===
2025-03-16 11:52:43,515 - INFO - Language: fr
2025-03-16 11:52:43,515 - INFO - Creating audio file...
2025-03-16 11:52:43,519 - INFO - Running STT...
2025-03-16 11:52:43,523 - ERROR - Error in stt_task: Error opening '_2025-03-16_11-52-43.wav': Format not recognised.
Traceback (most recent call last):
  File "/Users/jasoncarrier/Desktop/hablasfrontend/local_test_server.py", line 309, in stt_task
    the_words = stt(fpath, data_object["language"])
  File "/Users/jasoncarrier/Desktop/hablasfrontend/local_test_server.py", line 127, in stt
    audio, sample_rate = sf.read(AUDIO_DIR)
  File "/usr/local/lib/python3.9/site-packages/soundfile.py", line 305, in read
    with SoundFile(file, 'r', samplerate, channels,
  File "/usr/local/lib/python3.9/site-packages/soundfile.py", line 690, in __init__
    self._file = self._open(file, mode_int, closefd)
  File "/usr/local/lib/python3.9/site-packages/soundfile.py", line 1265, in _open
    raise LibsndfileError(err, prefix="Error opening {0!r}: ".format(self.name))
soundfile.LibsndfileError: Error opening '_2025-03-16_11-52-43.wav': Format not recognised.
2025-03-16 11:52:43,528 - INFO - connection closed
2025-03-16 11:53:40,357 - INFO - server closing
2025-03-16 11:53:40,360 - INFO - server closed
2025-03-16 11:53:47,424 - INFO - Time for text normalization: 0.0000 seconds
2025-03-16 11:53:47,424 - INFO - Time for word similarities calculation: 0.0001 seconds
2025-03-16 11:53:47,424 - INFO - Number of Levenshtein calculations: 16
2025-03-16 11:53:47,424 - INFO - Time for matrix operations: 0.0000 seconds
2025-03-16 11:53:47,425 - INFO - Time for alignment: 0.0000 seconds
2025-03-16 11:53:47,425 - INFO - Time for HTML generation: 0.0000 seconds
2025-03-16 11:53:47,425 - INFO - Total processing time: 0.0007 seconds
2025-03-16 11:53:47,438 - INFO - server listening on 127.0.0.1:8765
2025-03-16 11:53:47,439 - INFO - server listening on [::1]:8765
2025-03-16 11:54:01,035 - INFO - connection open
2025-03-16 11:54:01,043 - INFO - === Starting STT Task ===
2025-03-16 11:54:01,043 - INFO - Language: fr
2025-03-16 11:54:01,043 - INFO - Creating audio file...
2025-03-16 11:54:01,047 - INFO - Running STT...
2025-03-16 11:54:04,508 - INFO - STT Result: 
2025-03-16 11:54:04,509 - INFO - === Starting Text Comparison Analysis ===
2025-03-16 11:54:04,509 - INFO - Original text: On disait dans le livre : « Les serpents boas avalent leur proie tout entière, sans la mâcher. Ensuite ils ne peuvent plus bouger et ils dorment pendant les six mois de leur digestion. »
2025-03-16 11:54:04,509 - INFO - Spoken text: 
2025-03-16 11:54:04,509 - INFO - Time for text normalization: 0.0001 seconds
2025-03-16 11:54:04,509 - INFO - Time for word similarities calculation: 0.0000 seconds
2025-03-16 11:54:04,509 - INFO - Number of Levenshtein calculations: 0
2025-03-16 11:54:04,510 - INFO - Time for matrix operations: 0.0002 seconds
2025-03-16 11:54:04,510 - INFO - Time for alignment: 0.0000 seconds
2025-03-16 11:54:04,510 - INFO - Time for HTML generation: 0.0002 seconds
2025-03-16 11:54:04,510 - INFO - Total processing time: 0.0011 seconds
2025-03-16 11:54:04,510 - INFO - Similarity ratio: 0.0
2025-03-16 11:54:04,510 - INFO - Detailed word comparison:
2025-03-16 11:54:04,512 - INFO - === Completed Text Comparison Analysis ===
2025-03-16 11:54:04,517 - INFO - connection closed
2025-03-16 11:54:18,232 - INFO - connection open
2025-03-16 11:54:19,452 - INFO - connection open
2025-03-16 11:54:19,513 - INFO - connection closed
2025-03-16 11:54:20,591 - INFO - connection open
2025-03-16 11:54:20,650 - INFO - connection closed
2025-03-16 11:54:24,064 - INFO - connection open
2025-03-16 11:54:24,536 - INFO - connection closed
2025-03-16 11:54:34,800 - INFO - connection open
2025-03-16 11:54:34,811 - INFO - === Starting STT Task ===
2025-03-16 11:54:34,812 - INFO - Language: fr
2025-03-16 11:54:34,812 - INFO - Creating audio file...
2025-03-16 11:54:34,816 - INFO - Running STT...
2025-03-16 11:54:38,244 - INFO - STT Result: 
2025-03-16 11:54:38,245 - INFO - === Starting Text Comparison Analysis ===
2025-03-16 11:54:38,245 - INFO - Original text: J’ai alors beaucoup réfléchi sur les aventures de la jungle et, à mon tour, j’ai réussi, avec un crayon de couleur, à tracer mon premier dessin. Mon dessin numéro 1. Il était comme ça :
2025-03-16 11:54:38,246 - INFO - Spoken text: 
2025-03-16 11:54:38,246 - INFO - Time for text normalization: 0.0003 seconds
2025-03-16 11:54:38,246 - INFO - Time for word similarities calculation: 0.0000 seconds
2025-03-16 11:54:38,246 - INFO - Number of Levenshtein calculations: 0
2025-03-16 11:54:38,246 - INFO - Time for matrix operations: 0.0001 seconds
2025-03-16 11:54:38,246 - INFO - Time for alignment: 0.0000 seconds
2025-03-16 11:54:38,247 - INFO - Time for HTML generation: 0.0003 seconds
2025-03-16 11:54:38,247 - INFO - Total processing time: 0.0012 seconds
2025-03-16 11:54:38,247 - INFO - Similarity ratio: 0.0
2025-03-16 11:54:38,247 - INFO - Detailed word comparison:
2025-03-16 11:54:38,256 - INFO - === Completed Text Comparison Analysis ===
2025-03-16 11:54:38,261 - INFO - connection closed
2025-03-16 11:56:35,680 - INFO - connection closed
2025-03-16 11:56:35,689 - INFO - server closing
2025-03-16 11:56:35,691 - INFO - server closed
